Using pre-set license
Built from '2022.2/staging' branch; Version is '2022.2.6f1 (10bfa6201ced) revision 1097638'; Using compiler version '192829333'; Build Type 'Release'
OS: 'Windows 11  (10.0.22621) 64bit Core' Language: 'ja' Physical Memory: 16300 MB
BatchMode: 1, IsHumanControllingUs: 0, StartBugReporterOnCrash: 0, Is64bit: 1, IsPro: 1

COMMAND LINE ARGUMENTS:
C:\Users\tokiy\OneDrive\デスクトップ\2022.2.6f1\Editor\Unity.exe
-adb2
-batchMode
-noUpm
-name
AssetImportWorker0
-projectPath
C:/Users/tokiy/OneDrive/デスクトップ/unityRungame/wa
-logFile
Logs/AssetImportWorker0.log
-srvPort
55842
Successfully changed project path to: C:/Users/tokiy/OneDrive/デスクトップ/unityRungame/wa
C:/Users/tokiy/OneDrive/デスクトップ/unityRungame/wa
[UnityMemory] Configuration Parameters - Can be set up in boot.config
    "memorysetup-bucket-allocator-granularity=16"
    "memorysetup-bucket-allocator-bucket-count=8"
    "memorysetup-bucket-allocator-block-size=33554432"
    "memorysetup-bucket-allocator-block-count=8"
    "memorysetup-main-allocator-block-size=16777216"
    "memorysetup-thread-allocator-block-size=16777216"
    "memorysetup-gfx-main-allocator-block-size=16777216"
    "memorysetup-gfx-thread-allocator-block-size=16777216"
    "memorysetup-cache-allocator-block-size=4194304"
    "memorysetup-typetree-allocator-block-size=2097152"
    "memorysetup-profiler-bucket-allocator-granularity=16"
    "memorysetup-profiler-bucket-allocator-bucket-count=8"
    "memorysetup-profiler-bucket-allocator-block-size=33554432"
    "memorysetup-profiler-bucket-allocator-block-count=8"
    "memorysetup-profiler-allocator-block-size=16777216"
    "memorysetup-profiler-editor-allocator-block-size=1048576"
    "memorysetup-temp-allocator-size-main=16777216"
    "memorysetup-job-temp-allocator-block-size=2097152"
    "memorysetup-job-temp-allocator-block-size-background=1048576"
    "memorysetup-job-temp-allocator-reduction-small-platforms=262144"
    "memorysetup-temp-allocator-size-background-worker=32768"
    "memorysetup-temp-allocator-size-job-worker=262144"
    "memorysetup-temp-allocator-size-preload-manager=33554432"
    "memorysetup-temp-allocator-size-nav-mesh-worker=65536"
    "memorysetup-temp-allocator-size-audio-worker=65536"
    "memorysetup-temp-allocator-size-cloud-worker=32768"
    "memorysetup-temp-allocator-size-gi-baking-worker=262144"
    "memorysetup-temp-allocator-size-gfx=262144"
Player connection [13588] Host "[IP] 192.168.10.106 [Port] 0 [Flags] 2 [Guid] 3742136696 [EditorId] 3742136696 [Version] 1048832 [Id] WindowsEditor(7,refa) [Debug] 1 [PackageName] WindowsEditor [ProjectName] Editor" joined multi-casting on [225.0.0.222:54997]...

Player connection [13588] Host "[IP] 192.168.10.106 [Port] 0 [Flags] 2 [Guid] 3742136696 [EditorId] 3742136696 [Version] 1048832 [Id] WindowsEditor(7,refa) [Debug] 1 [PackageName] WindowsEditor [ProjectName] Editor" joined alternative multi-casting on [225.0.0.222:34997]...

Refreshing native plugins compatible for Editor in 10.64 ms, found 3 plugins.
Preloading 0 native plugins for Editor in 0.00 ms.
Initialize engine version: 2022.2.6f1 (10bfa6201ced)
[Subsystems] Discovering subsystems at path C:/Users/tokiy/OneDrive/デスクトップ/2022.2.6f1/Editor/Data/Resources/UnitySubsystems
[Subsystems] Discovering subsystems at path C:/Users/tokiy/OneDrive/デスクトップ/unityRungame/wa/Assets
GfxDevice: creating device client; threaded=0; jobified=0
Direct3D:
    Version:  Direct3D 11.0 [level 11.1]
    Renderer: NVIDIA GeForce RTX 2070 (ID=0x1f02)
    Vendor:   NVIDIA
    VRAM:     8019 MB
    Driver:   31.0.15.2849
Initialize mono
Mono path[0] = 'C:/Users/tokiy/OneDrive/デスクトップ/2022.2.6f1/Editor/Data/Managed'
Mono path[1] = 'C:/Users/tokiy/OneDrive/デスクトップ/2022.2.6f1/Editor/Data/MonoBleedingEdge/lib/mono/unityjit-win32'
Mono config path = 'C:/Users/tokiy/OneDrive/デスクトップ/2022.2.6f1/Editor/Data/MonoBleedingEdge/etc'
Using monoOptions --debugger-agent=transport=dt_socket,embedding=1,server=y,suspend=n,address=127.0.0.1:56080
Begin MonoManager ReloadAssembly
Registering precompiled unity dll's ...
Register platform support module: C:/Users/tokiy/OneDrive/デスクトップ/2022.2.6f1/Editor/Data/PlaybackEngines/AndroidPlayer/UnityEditor.Android.Extensions.dll
Register platform support module: C:/Users/tokiy/OneDrive/デスクトップ/2022.2.6f1/Editor/Data/PlaybackEngines/iOSSupport/UnityEditor.iOS.Extensions.dll
Register platform support module: C:/Users/tokiy/OneDrive/デスクトップ/2022.2.6f1/Editor/Data/PlaybackEngines/WindowsStandaloneSupport/UnityEditor.WindowsStandalone.Extensions.dll
Registered in 0.012385 seconds.
- Loaded All Assemblies, in  0.384 seconds
Native extension for WindowsStandalone target not found
[usbmuxd] Start listen thread
[usbmuxd] Listen thread started
Native extension for iOS target not found
Native extension for Android target not found
Mono: successfully reloaded assembly
- Finished resetting the current domain, in  0.350 seconds
Domain Reload Profiling:
	ReloadAssembly (219ms)
		BeginReloadAssembly (92ms)
			ExecutionOrderSort (0ms)
			DisableScriptedObjects (0ms)
			BackupInstance (0ms)
			ReleaseScriptingObjects (0ms)
			CreateAndSetChildDomain (1ms)
		LoadAllAssembliesAndSetupDomain (0ms)
			LoadAssemblies (90ms)
			RebuildTransferFunctionScriptingTraits (0ms)
			SetupTypeCache (154ms)
				TypeCache.Initialize (153ms)
					TypeCache.ScanAssembly (151ms)
				ResolveRequiredComponents (1ms)
		FinalizeReload (0ms)
			ReleaseScriptCaches (0ms)
			RebuildScriptCaches (0ms)
			SetupLoadedEditorAssemblies (282ms)
				LogAssemblyErrors (0ms)
				InitializePlatformSupportModulesInManaged (81ms)
				SetLoadedEditorAssemblies (5ms)
				RefreshPlugins (0ms)
				BeforeProcessingInitializeOnLoad (1ms)
				ProcessInitializeOnLoadAttributes (136ms)
				ProcessInitializeOnLoadMethodAttributes (58ms)
				AfterProcessingInitializeOnLoad (0ms)
				EditorAssembliesLoaded (0ms)
			ExecutionOrderSort2 (0ms)
			AwakeInstancesAfterBackupRestoration (0ms)
========================================================================
Worker process is ready to serve import requests
Begin MonoManager ReloadAssembly
Symbol file LoadedFromMemory doesn't match image C:\Users\tokiy\OneDrive\デスクトップ\unityRungame\wa\Library\PackageCache\com.unity.visualscripting@1.8.0\Editor\VisualScripting.Core\Dependencies\YamlDotNet\Unity.VisualScripting.YamlDotNet.dll
Symbol file LoadedFromMemory doesn't match image C:\Users\tokiy\OneDrive\デスクトップ\unityRungame\wa\Library\PackageCache\com.unity.visualscripting@1.8.0\Editor\VisualScripting.Core\Dependencies\DotNetZip\Unity.VisualScripting.IonicZip.dll
- Loaded All Assemblies, in  1.125 seconds
Refreshing native plugins compatible for Editor in 4.05 ms, found 3 plugins.
Native extension for WindowsStandalone target not found
Native extension for iOS target not found
Native extension for Android target not found
Mono: successfully reloaded assembly
- Finished resetting the current domain, in  0.633 seconds
Domain Reload Profiling:
	ReloadAssembly (247ms)
		BeginReloadAssembly (144ms)
			ExecutionOrderSort (0ms)
			DisableScriptedObjects (6ms)
			BackupInstance (0ms)
			ReleaseScriptingObjects (0ms)
			CreateAndSetChildDomain (25ms)
		LoadAllAssembliesAndSetupDomain (873ms)
			LoadAssemblies (361ms)
			RebuildTransferFunctionScriptingTraits (0ms)
			SetupTypeCache (577ms)
				TypeCache.Initialize (332ms)
					TypeCache.ScanAssembly (327ms)
				ResolveRequiredComponents (5ms)
		FinalizeReload (0ms)
			ReleaseScriptCaches (0ms)
			RebuildScriptCaches (0ms)
			SetupLoadedEditorAssemblies (467ms)
				LogAssemblyErrors (0ms)
				InitializePlatformSupportModulesInManaged (36ms)
				SetLoadedEditorAssemblies (5ms)
				RefreshPlugins (0ms)
				BeforeProcessingInitializeOnLoad (109ms)
				ProcessInitializeOnLoadAttributes (271ms)
				ProcessInitializeOnLoadMethodAttributes (37ms)
				AfterProcessingInitializeOnLoad (9ms)
				EditorAssembliesLoaded (0ms)
			ExecutionOrderSort2 (0ms)
			AwakeInstancesAfterBackupRestoration (6ms)
Launched and connected shader compiler UnityShaderCompiler.exe after 0.06 seconds
Refreshing native plugins compatible for Editor in 4.37 ms, found 3 plugins.
Preloading 0 native plugins for Editor in 0.00 ms.
Unloading 3564 Unused Serialized files (Serialized files now loaded: 0)
Unloading 64 unused Assets / (8.4 MB). Loaded Objects now: 3995.
Memory consumption went from 0.57 GB to 0.56 GB.
Total: 6.126600 ms (FindLiveObjects: 0.400600 ms CreateObjectMapping: 0.453400 ms MarkObjects: 2.352200 ms  DeleteObjects: 2.919100 ms)

AssetImportParameters requested are different than current active one (requested -> active):
  custom:container-demuxer-ogg: 62fdf1f143b41e24485cea50d1cbac27 -> 
  custom:video-codec-MediaFoundation-h265: 746d11721c4dcdbdad8f713fa42b33f4 -> 
  custom:video-decoder-ogg-theora: a1e56fd34408186e4bbccfd4996cb3dc -> 
  custom:framework-win-MediaFoundation: 216162199b28c13a410421893ffa2e32 -> 
  custom:container-demuxer-webm: 4f35f7cbe854078d1ac9338744f61a02 -> 
  custom:container-muxer-webm: aa71ff27fc2769a1b78a27578f13a17b -> 
  custom:video-decoder-webm-vp8: 9c59270c3fd7afecdb556c50c9e8de78 -> 
  custom:AudioImporter_EditorPlatform: d09bf68614088b80899f8185d706f6e7 -> 
  custom:video-encoder-webm-vp8: eb34c28f22e8b96e1ab97ce403110664 -> 
  custom:audio-decoder-ogg-vorbis: bf7c407c2cedff20999df2af8eb42d56 -> 
  custom:audio-encoder-webm-vorbis: bf7c407c2cedff20999df2af8eb42d56 -> 
========================================================================
Received Import Request.
  Time since last request: 85526.651845 seconds.
  path: Assets/sryurikennset/Materials/syurikenn3-128.mat
  artifactKey: Guid(ecfd5e3b46c471046a5749a35b2e05c0) Importer(815301076,1909f56bfc062723c751e8b465ee728b)
Start importing Assets/sryurikennset/Materials/syurikenn3-128.mat using Guid(ecfd5e3b46c471046a5749a35b2e05c0) Importer(815301076,1909f56bfc062723c751e8b465ee728b)  -> (artifact id: '8faaa7c52ae7cc2ec36382d6ff06be0b') in 0.185365 seconds 
Number of updated asset objects reloaded before import = 0
Number of asset objects unloaded after import = 2
========================================================================
Received Import Request.
  Time since last request: 0.000025 seconds.
  path: Assets/sryurikennset/Materials/Bamboo-water-bottle1-1-128.mat
  artifactKey: Guid(5c4e4cfb1e61257428b5cf110ebad3d9) Importer(815301076,1909f56bfc062723c751e8b465ee728b)
Start importing Assets/sryurikennset/Materials/Bamboo-water-bottle1-1-128.mat using Guid(5c4e4cfb1e61257428b5cf110ebad3d9) Importer(815301076,1909f56bfc062723c751e8b465ee728b)  -> (artifact id: '499de0ccbc3455f6b123e2157259d0d9') in 0.015016 seconds 
Number of updated asset objects reloaded before import = 0
Number of asset objects unloaded after import = 2
========================================================================
Received Import Request.
  Time since last request: 0.000015 seconds.
  path: Assets/sryurikennset/Materials/kunai1-128.mat
  artifactKey: Guid(f60b4a2bd96066c45a5e37c3c9d4eacc) Importer(815301076,1909f56bfc062723c751e8b465ee728b)
Start importing Assets/sryurikennset/Materials/kunai1-128.mat using Guid(f60b4a2bd96066c45a5e37c3c9d4eacc) Importer(815301076,1909f56bfc062723c751e8b465ee728b)  -> (artifact id: '7b80abea3a2386ef110b83482446b227') in 0.213212 seconds 
Number of updated asset objects reloaded before import = 0
Number of asset objects unloaded after import = 2
========================================================================
Received Import Request.
  Time since last request: 0.000023 seconds.
  path: Assets/sryurikennset
  artifactKey: Guid(a0732414ef19edc4a9e7a8ef03385bbd) Importer(815301076,1909f56bfc062723c751e8b465ee728b)
Start importing Assets/sryurikennset using Guid(a0732414ef19edc4a9e7a8ef03385bbd) Importer(815301076,1909f56bfc062723c751e8b465ee728b)  -> (artifact id: '370c9a820c18d75e17ee8de52fe4eb91') in 0.000503 seconds 
Number of updated asset objects reloaded before import = 0
Number of asset objects unloaded after import = 0
========================================================================
Received Import Request.
  Time since last request: 0.000036 seconds.
  path: Assets/sryurikennset/Materials/Bamboo-cup1-3-128.mat
  artifactKey: Guid(7328978c7bce959418f570052c773988) Importer(815301076,1909f56bfc062723c751e8b465ee728b)
Start importing Assets/sryurikennset/Materials/Bamboo-cup1-3-128.mat using Guid(7328978c7bce959418f570052c773988) Importer(815301076,1909f56bfc062723c751e8b465ee728b)  -> (artifact id: '42c5c6ce9f6b1c0c95adab1743fe746c') in 0.041342 seconds 
Number of updated asset objects reloaded before import = 0
Number of asset objects unloaded after import = 2
========================================================================
Received Import Request.
  Time since last request: 0.000016 seconds.
  path: Assets/sryurikennset/Materials/syurikenn1-128.mat
  artifactKey: Guid(d3aba2186b3d0e34ebc878a578193bf6) Importer(815301076,1909f56bfc062723c751e8b465ee728b)
Start importing Assets/sryurikennset/Materials/syurikenn1-128.mat using Guid(d3aba2186b3d0e34ebc878a578193bf6) Importer(815301076,1909f56bfc062723c751e8b465ee728b)  -> (artifact id: 'aed13105e3b075bbbfe16f5fd980059a') in 0.017616 seconds 
Number of updated asset objects reloaded before import = 0
Number of asset objects unloaded after import = 2
========================================================================
Received Import Request.
  Time since last request: 0.000020 seconds.
  path: Assets/sryurikennset/Materials/syurikenn4-128.mat
  artifactKey: Guid(a57d63d113ca3aa4ca6ef2bddbf126dc) Importer(815301076,1909f56bfc062723c751e8b465ee728b)
Start importing Assets/sryurikennset/Materials/syurikenn4-128.mat using Guid(a57d63d113ca3aa4ca6ef2bddbf126dc) Importer(815301076,1909f56bfc062723c751e8b465ee728b)  -> (artifact id: 'c7f3e47b54dad41a839e3ce8fa5d0df6') in 0.014254 seconds 
Number of updated asset objects reloaded before import = 0
Number of asset objects unloaded after import = 2
========================================================================
Received Import Request.
  Time since last request: 15.330779 seconds.
  path: Assets/sryurikennset/Textures
  artifactKey: Guid(5349d434bf669fb4aa4b3d72f289bde6) Importer(815301076,1909f56bfc062723c751e8b465ee728b)
Start importing Assets/sryurikennset/Textures using Guid(5349d434bf669fb4aa4b3d72f289bde6) Importer(815301076,1909f56bfc062723c751e8b465ee728b)  -> (artifact id: '1a58b2eb370ac631122c8283371e8260') in 0.000843 seconds 
Number of updated asset objects reloaded before import = 0
Number of asset objects unloaded after import = 0
========================================================================
Received Import Request.
  Time since last request: 0.056881 seconds.
  path: Assets/sryurikennset/Textures/Bamboo-cup1-1-128.png
  artifactKey: Guid(d5def64d371bce24190377c1a3f60880) Importer(815301076,1909f56bfc062723c751e8b465ee728b)
Start importing Assets/sryurikennset/Textures/Bamboo-cup1-1-128.png using Guid(d5def64d371bce24190377c1a3f60880) Importer(815301076,1909f56bfc062723c751e8b465ee728b)  -> (artifact id: '629f5f0645a0bf50b18c0d1ee8917099') in 0.023479 seconds 
Number of updated asset objects reloaded before import = 0
Number of asset objects unloaded after import = 2
========================================================================
Received Import Request.
  Time since last request: 0.000013 seconds.
  path: Assets/sryurikennset/Textures/syurikenn3-128m.png
  artifactKey: Guid(0296c6ffa96bb1345b5a5043d6a37756) Importer(815301076,1909f56bfc062723c751e8b465ee728b)
Start importing Assets/sryurikennset/Textures/syurikenn3-128m.png using Guid(0296c6ffa96bb1345b5a5043d6a37756) Importer(815301076,1909f56bfc062723c751e8b465ee728b)  -> (artifact id: 'f32783bb0cfa256f2d7ab34c154a6bf4') in 0.015674 seconds 
Number of updated asset objects reloaded before import = 0
Number of asset objects unloaded after import = 2
========================================================================
Received Import Request.
  Time since last request: 0.000063 seconds.
  path: Assets/sryurikennset/Textures/syurikenn1-128m.png
  artifactKey: Guid(26546223777d83c4a9a593a43ebebeba) Importer(815301076,1909f56bfc062723c751e8b465ee728b)
Start importing Assets/sryurikennset/Textures/syurikenn1-128m.png using Guid(26546223777d83c4a9a593a43ebebeba) Importer(815301076,1909f56bfc062723c751e8b465ee728b)  -> (artifact id: '926365d0aa62de9f1bff99ae9dbd2b6b') in 0.015693 seconds 
Number of updated asset objects reloaded before import = 0
Number of asset objects unloaded after import = 2
========================================================================
Received Import Request.
  Time since last request: 0.000024 seconds.
  path: Assets/sryurikennset/Textures/syurikenn3-128.png
  artifactKey: Guid(014a1f68a52712f4094e560ce40e7b7d) Importer(815301076,1909f56bfc062723c751e8b465ee728b)
Start importing Assets/sryurikennset/Textures/syurikenn3-128.png using Guid(014a1f68a52712f4094e560ce40e7b7d) Importer(815301076,1909f56bfc062723c751e8b465ee728b)  -> (artifact id: '1de2125b5e876b46e1adc8867e8e26bb') in 0.016865 seconds 
Number of updated asset objects reloaded before import = 0
Number of asset objects unloaded after import = 2
========================================================================
Received Import Request.
  Time since last request: 0.000016 seconds.
  path: Assets/sryurikennset/Textures/syurikenn2-128m.png
  artifactKey: Guid(3d65e25c1ca41c548b518104c5022b58) Importer(815301076,1909f56bfc062723c751e8b465ee728b)
Start importing Assets/sryurikennset/Textures/syurikenn2-128m.png using Guid(3d65e25c1ca41c548b518104c5022b58) Importer(815301076,1909f56bfc062723c751e8b465ee728b)  -> (artifact id: 'a30122db278632aca28375b0621de3f8') in 0.014877 seconds 
Number of updated asset objects reloaded before import = 0
Number of asset objects unloaded after import = 2
========================================================================
Received Import Request.
  Time since last request: 0.000027 seconds.
  path: Assets/sryurikennset/Textures/kunai1-128m.png
  artifactKey: Guid(036b0ecdf6020d844a011e1cd85ffd70) Importer(815301076,1909f56bfc062723c751e8b465ee728b)
Start importing Assets/sryurikennset/Textures/kunai1-128m.png using Guid(036b0ecdf6020d844a011e1cd85ffd70) Importer(815301076,1909f56bfc062723c751e8b465ee728b)  -> (artifact id: 'fc780539d14ff80e5e6b5c308b361649') in 0.016708 seconds 
Number of updated asset objects reloaded before import = 0
Number of asset objects unloaded after import = 2
========================================================================
Received Import Request.
  Time since last request: 0.000030 seconds.
  path: Assets/sryurikennset/Textures/makibisi1-128.png
  artifactKey: Guid(2e44b4c4644df6b4bb8ae3dd54b79c9c) Importer(815301076,1909f56bfc062723c751e8b465ee728b)
Start importing Assets/sryurikennset/Textures/makibisi1-128.png using Guid(2e44b4c4644df6b4bb8ae3dd54b79c9c) Importer(815301076,1909f56bfc062723c751e8b465ee728b)  -> (artifact id: '4d6072d347929f83eaa37243f21a9093') in 0.014691 seconds 
Number of updated asset objects reloaded before import = 0
Number of asset objects unloaded after import = 2
========================================================================
Received Import Request.
  Time since last request: 0.000013 seconds.
  path: Assets/sryurikennset/Textures/makimono1-3-128.png
  artifactKey: Guid(c40d0279fc6236a4dafc0be2627b933d) Importer(815301076,1909f56bfc062723c751e8b465ee728b)
Start importing Assets/sryurikennset/Textures/makimono1-3-128.png using Guid(c40d0279fc6236a4dafc0be2627b933d) Importer(815301076,1909f56bfc062723c751e8b465ee728b)  -> (artifact id: '18c4edba38ae67cf7ce8ed543ea68599') in 0.014023 seconds 
Number of updated asset objects reloaded before import = 0
Number of asset objects unloaded after import = 2
========================================================================
Received Import Request.
  Time since last request: 0.000014 seconds.
  path: Assets/sryurikennset/Textures/syurikenn1-128.png
  artifactKey: Guid(aeae6a5eea6e46148a77a6055a2837ee) Importer(815301076,1909f56bfc062723c751e8b465ee728b)
Start importing Assets/sryurikennset/Textures/syurikenn1-128.png using Guid(aeae6a5eea6e46148a77a6055a2837ee) Importer(815301076,1909f56bfc062723c751e8b465ee728b)  -> (artifact id: '68013fa9953fc082decef93103b8b914') in 0.015090 seconds 
Number of updated asset objects reloaded before import = 0
Number of asset objects unloaded after import = 2
========================================================================
Received Import Request.
  Time since last request: 61.801458 seconds.
  path: Assets/Texture
  artifactKey: Guid(d9f0e0ba4fcc34c48ad2cf976fbba40b) Importer(815301076,1909f56bfc062723c751e8b465ee728b)
Start importing Assets/Texture using Guid(d9f0e0ba4fcc34c48ad2cf976fbba40b) Importer(815301076,1909f56bfc062723c751e8b465ee728b)  -> (artifact id: '0e9e27c2840478c41782c90199513460') in 0.000718 seconds 
Number of updated asset objects reloaded before import = 0
Number of asset objects unloaded after import = 0
========================================================================
Received Import Request.
  Time since last request: 10.757953 seconds.
  path: Assets/Texture/Attack
  artifactKey: Guid(57fc84332fee75d42bf9a95dfe706ee3) Importer(815301076,1909f56bfc062723c751e8b465ee728b)
Start importing Assets/Texture/Attack using Guid(57fc84332fee75d42bf9a95dfe706ee3) Importer(815301076,1909f56bfc062723c751e8b465ee728b)  -> (artifact id: '3542749fa50c4186086dee27a548a8eb') in 0.000507 seconds 
Number of updated asset objects reloaded before import = 0
Number of asset objects unloaded after import = 0
========================================================================
Received Import Request.
  Time since last request: 29.924841 seconds.
  path: Assets/sryurikennset/models
  artifactKey: Guid(f1b1b1d830c03814184bf6e8a459a9a7) Importer(815301076,1909f56bfc062723c751e8b465ee728b)
Start importing Assets/sryurikennset/models using Guid(f1b1b1d830c03814184bf6e8a459a9a7) Importer(815301076,1909f56bfc062723c751e8b465ee728b)  -> (artifact id: '07f888e755ad32da6f6dc0af90edfb6b') in 0.000647 seconds 
Number of updated asset objects reloaded before import = 0
Number of asset objects unloaded after import = 0
========================================================================
Received Import Request.
  Time since last request: 0.081418 seconds.
  path: Assets/sryurikennset/models/Bamboo water bottle1-1.fbx
  artifactKey: Guid(2c48e36aa19f85843b8d9e4c81410b34) Importer(815301076,1909f56bfc062723c751e8b465ee728b)
Start importing Assets/sryurikennset/models/Bamboo water bottle1-1.fbx using Guid(2c48e36aa19f85843b8d9e4c81410b34) Importer(815301076,1909f56bfc062723c751e8b465ee728b)  -> (artifact id: 'd7fdbfafdffbe8ed845cb09472b10ab4') in 0.116482 seconds 
Number of updated asset objects reloaded before import = 0
Number of asset objects unloaded after import = 9
========================================================================
Received Import Request.
  Time since last request: 0.000014 seconds.
  path: Assets/sryurikennset/models/makimono1-2.fbx
  artifactKey: Guid(e34e87573575c0c4e8e841d9b6c42044) Importer(815301076,1909f56bfc062723c751e8b465ee728b)
Start importing Assets/sryurikennset/models/makimono1-2.fbx using Guid(e34e87573575c0c4e8e841d9b6c42044) Importer(815301076,1909f56bfc062723c751e8b465ee728b)  -> (artifact id: 'e23346a15e238416c56a92f3e237e6dd') in 0.024730 seconds 
Number of updated asset objects reloaded before import = 0
Number of asset objects unloaded after import = 9
========================================================================
Received Import Request.
  Time since last request: 0.000029 seconds.
  path: Assets/sryurikennset/models/syurikenn1-1.fbx
  artifactKey: Guid(67705a53132227c4d9252cb1909d86fd) Importer(815301076,1909f56bfc062723c751e8b465ee728b)
Start importing Assets/sryurikennset/models/syurikenn1-1.fbx using Guid(67705a53132227c4d9252cb1909d86fd) Importer(815301076,1909f56bfc062723c751e8b465ee728b)  -> (artifact id: '342605fa35fd91a9db8954a6d18a8e8a') in 0.029004 seconds 
Number of updated asset objects reloaded before import = 0
Number of asset objects unloaded after import = 17
========================================================================
Received Import Request.
  Time since last request: 0.000032 seconds.
  path: Assets/sryurikennset/models/Bamboo-cup1-1.fbx
  artifactKey: Guid(303e9474a8f73494f96e80736de308c6) Importer(815301076,1909f56bfc062723c751e8b465ee728b)
Start importing Assets/sryurikennset/models/Bamboo-cup1-1.fbx using Guid(303e9474a8f73494f96e80736de308c6) Importer(815301076,1909f56bfc062723c751e8b465ee728b)  -> (artifact id: 'e1e7d0cc817677fb082e2bc68acf6eb3') in 0.090132 seconds 
Number of updated asset objects reloaded before import = 0
Number of asset objects unloaded after import = 30
========================================================================
Received Import Request.
  Time since last request: 0.000021 seconds.
  path: Assets/sryurikennset/models/syurikenn2-1.fbx
  artifactKey: Guid(2c99af7a184af8449a722375bef523c2) Importer(815301076,1909f56bfc062723c751e8b465ee728b)
Start importing Assets/sryurikennset/models/syurikenn2-1.fbx using Guid(2c99af7a184af8449a722375bef523c2) Importer(815301076,1909f56bfc062723c751e8b465ee728b)  -> (artifact id: '0a7df96968f08e4178fa59808ad19015') in 0.021467 seconds 
Number of updated asset objects reloaded before import = 0
Number of asset objects unloaded after import = 17
========================================================================
Received Import Request.
  Time since last request: 0.000026 seconds.
  path: Assets/sryurikennset/models/syurikenn3-2.fbx
  artifactKey: Guid(e14118400cd29064ab88dd7533ee4452) Importer(815301076,1909f56bfc062723c751e8b465ee728b)
Start importing Assets/sryurikennset/models/syurikenn3-2.fbx using Guid(e14118400cd29064ab88dd7533ee4452) Importer(815301076,1909f56bfc062723c751e8b465ee728b)  -> (artifact id: '74ed1625596f44e1fa0a8974c5f4a4d8') in 0.023885 seconds 
Number of updated asset objects reloaded before import = 0
Number of asset objects unloaded after import = 17
========================================================================
Received Import Request.
  Time since last request: 0.000015 seconds.
  path: Assets/sryurikennset/models/takeyari1.fbx
  artifactKey: Guid(591bd97e140ce2f46b8a157f9d116f5b) Importer(815301076,1909f56bfc062723c751e8b465ee728b)
Start importing Assets/sryurikennset/models/takeyari1.fbx using Guid(591bd97e140ce2f46b8a157f9d116f5b) Importer(815301076,1909f56bfc062723c751e8b465ee728b)  -> (artifact id: '06f112ece0d6584df47a98b14df7410b') in 0.018880 seconds 
Number of updated asset objects reloaded before import = 0
Number of asset objects unloaded after import = 11
========================================================================
Received Import Request.
  Time since last request: 0.000017 seconds.
  path: Assets/sryurikennset/models/syurikenn1-2.fbx
  artifactKey: Guid(db799b4ed2893d94baec8d994d2bbf7c) Importer(815301076,1909f56bfc062723c751e8b465ee728b)
Start importing Assets/sryurikennset/models/syurikenn1-2.fbx using Guid(db799b4ed2893d94baec8d994d2bbf7c) Importer(815301076,1909f56bfc062723c751e8b465ee728b)  -> (artifact id: '909daf85ea587ce2d72ba05609a98a21') in 0.023142 seconds 
Number of updated asset objects reloaded before import = 0
Number of asset objects unloaded after import = 17
========================================================================
Received Import Request.
  Time since last request: 0.000034 seconds.
  path: Assets/sryurikennset/models/makimono1-3.fbx
  artifactKey: Guid(b4c5000345a42eb47941de642ad0c079) Importer(815301076,1909f56bfc062723c751e8b465ee728b)
Start importing Assets/sryurikennset/models/makimono1-3.fbx using Guid(b4c5000345a42eb47941de642ad0c079) Importer(815301076,1909f56bfc062723c751e8b465ee728b)  -> (artifact id: '5fe2ed7ac950e07a04d0f0418e0bf316') in 0.019347 seconds 
Number of updated asset objects reloaded before import = 0
Number of asset objects unloaded after import = 9
========================================================================
Received Import Request.
  Time since last request: 0.000016 seconds.
  path: Assets/sryurikennset/models/Bamboo-cup1-2.fbx
  artifactKey: Guid(f44e6be318c87ae45b1719962a67e756) Importer(815301076,1909f56bfc062723c751e8b465ee728b)
Start importing Assets/sryurikennset/models/Bamboo-cup1-2.fbx using Guid(f44e6be318c87ae45b1719962a67e756) Importer(815301076,1909f56bfc062723c751e8b465ee728b)  -> (artifact id: 'e1d3d1f3cbb9597f260832f9567457a3') in 0.033759 seconds 
Number of updated asset objects reloaded before import = 0
Number of asset objects unloaded after import = 30
========================================================================
Received Import Request.
  Time since last request: 0.000018 seconds.
  path: Assets/sryurikennset/models/syurikenn4.fbx
  artifactKey: Guid(02ba6b311d52b70409cfc6ece82c1153) Importer(815301076,1909f56bfc062723c751e8b465ee728b)
Start importing Assets/sryurikennset/models/syurikenn4.fbx using Guid(02ba6b311d52b70409cfc6ece82c1153) Importer(815301076,1909f56bfc062723c751e8b465ee728b)  -> (artifact id: '9fcc4bb8ee3d6f1cd1171001d4938440') in 0.019720 seconds 
Number of updated asset objects reloaded before import = 0
Number of asset objects unloaded after import = 11
========================================================================
Received Import Request.
  Time since last request: 0.000015 seconds.
  path: Assets/sryurikennset/models/makibisi1-1.fbx
  artifactKey: Guid(5e64ad50fbc5b37489704dd496d5571c) Importer(815301076,1909f56bfc062723c751e8b465ee728b)
Start importing Assets/sryurikennset/models/makibisi1-1.fbx using Guid(5e64ad50fbc5b37489704dd496d5571c) Importer(815301076,1909f56bfc062723c751e8b465ee728b)  -> (artifact id: 'c880164f0f0bc6aa0bd40c552e4edff5') in 0.021251 seconds 
Number of updated asset objects reloaded before import = 0
Number of asset objects unloaded after import = 11
========================================================================
Received Import Request.
  Time since last request: 0.000015 seconds.
  path: Assets/sryurikennset/models/kunai1-2-128.fbx
  artifactKey: Guid(f07dfd6e982a9f040862791a34bbf130) Importer(815301076,1909f56bfc062723c751e8b465ee728b)
Start importing Assets/sryurikennset/models/kunai1-2-128.fbx using Guid(f07dfd6e982a9f040862791a34bbf130) Importer(815301076,1909f56bfc062723c751e8b465ee728b)  -> (artifact id: '74c956da37cfcc76fc20e99ce9c323bb') in 0.018260 seconds 
Number of updated asset objects reloaded before import = 0
Number of asset objects unloaded after import = 11
========================================================================
Received Import Request.
  Time since last request: 36.326447 seconds.
  path: Assets/sryurikennset/prefabs
  artifactKey: Guid(4eb452f71882c754c82068bc4715d060) Importer(815301076,1909f56bfc062723c751e8b465ee728b)
Start importing Assets/sryurikennset/prefabs using Guid(4eb452f71882c754c82068bc4715d060) Importer(815301076,1909f56bfc062723c751e8b465ee728b)  -> (artifact id: 'ec7cc44b4c3a442c4145132fe7487a1d') in 0.000635 seconds 
Number of updated asset objects reloaded before import = 0
Number of asset objects unloaded after import = 0
========================================================================
Received Import Request.
  Time since last request: 0.076709 seconds.
  path: Assets/sryurikennset/prefabs/Bamboo water bottle1-1.prefab
  artifactKey: Guid(7570d8ebe9b88404b9226a74e6484622) Importer(815301076,1909f56bfc062723c751e8b465ee728b)
Start importing Assets/sryurikennset/prefabs/Bamboo water bottle1-1.prefab using Guid(7570d8ebe9b88404b9226a74e6484622) Importer(815301076,1909f56bfc062723c751e8b465ee728b)  -> (artifact id: '211edc5e4703530e6ce11b4511dab714') in 0.017104 seconds 
Number of updated asset objects reloaded before import = 0
Number of asset objects unloaded after import = 9
========================================================================
Received Import Request.
  Time since last request: 0.000016 seconds.
  path: Assets/sryurikennset/prefabs/Bamboo-cup1-1.prefab
  artifactKey: Guid(8010b8f42a938fd49aa88e0b3ee00a1c) Importer(815301076,1909f56bfc062723c751e8b465ee728b)
Start importing Assets/sryurikennset/prefabs/Bamboo-cup1-1.prefab using Guid(8010b8f42a938fd49aa88e0b3ee00a1c) Importer(815301076,1909f56bfc062723c751e8b465ee728b)  -> (artifact id: '29f82b5a4e28f3f8e84b04bc04592d5b') in 0.026762 seconds 
Number of updated asset objects reloaded before import = 0
Number of asset objects unloaded after import = 26
========================================================================
Received Import Request.
  Time since last request: 0.000012 seconds.
  path: Assets/sryurikennset/prefabs/makibisi1-1.prefab
  artifactKey: Guid(a7f2af36eaf66534ab0be1074b6b1f78) Importer(815301076,1909f56bfc062723c751e8b465ee728b)
Start importing Assets/sryurikennset/prefabs/makibisi1-1.prefab using Guid(a7f2af36eaf66534ab0be1074b6b1f78) Importer(815301076,1909f56bfc062723c751e8b465ee728b)  -> (artifact id: 'c37c8a2b5a09fcc9dd463a110de123c5') in 0.013793 seconds 
Number of updated asset objects reloaded before import = 0
Number of asset objects unloaded after import = 11
========================================================================
Received Import Request.
  Time since last request: 0.000020 seconds.
  path: Assets/sryurikennset/prefabs/syurikenn1-1.prefab
  artifactKey: Guid(c00e85788ad86034880d5c8600b57600) Importer(815301076,1909f56bfc062723c751e8b465ee728b)
Start importing Assets/sryurikennset/prefabs/syurikenn1-1.prefab using Guid(c00e85788ad86034880d5c8600b57600) Importer(815301076,1909f56bfc062723c751e8b465ee728b)  -> (artifact id: '553232c4b2e83a57bc4396908fbbfafd') in 0.015329 seconds 
Number of updated asset objects reloaded before import = 0
Number of asset objects unloaded after import = 16
========================================================================
Received Import Request.
  Time since last request: 0.000020 seconds.
  path: Assets/sryurikennset/prefabs/syurikenn3-1.prefab
  artifactKey: Guid(c2efa7e45936145499bbb644bbdd32db) Importer(815301076,1909f56bfc062723c751e8b465ee728b)
Start importing Assets/sryurikennset/prefabs/syurikenn3-1.prefab using Guid(c2efa7e45936145499bbb644bbdd32db) Importer(815301076,1909f56bfc062723c751e8b465ee728b)  -> (artifact id: 'abc800f516f0ae17ab5a2613d5e7c9b9') in 0.015388 seconds 
Number of updated asset objects reloaded before import = 0
Number of asset objects unloaded after import = 16
========================================================================
Received Import Request.
  Time since last request: 0.000015 seconds.
  path: Assets/sryurikennset/prefabs/syurikenn3-2.prefab
  artifactKey: Guid(54dac951141b8c44e95350a6df96a630) Importer(815301076,1909f56bfc062723c751e8b465ee728b)
Start importing Assets/sryurikennset/prefabs/syurikenn3-2.prefab using Guid(54dac951141b8c44e95350a6df96a630) Importer(815301076,1909f56bfc062723c751e8b465ee728b)  -> (artifact id: '406dffb37011ad348b129ce274b2df3d') in 0.017207 seconds 
Number of updated asset objects reloaded before import = 0
Number of asset objects unloaded after import = 16
========================================================================
Received Import Request.
  Time since last request: 0.000019 seconds.
  path: Assets/sryurikennset/prefabs/kunai1-1-128.prefab
  artifactKey: Guid(0257fe01f1bbea74294aa11d62396222) Importer(815301076,1909f56bfc062723c751e8b465ee728b)
Start importing Assets/sryurikennset/prefabs/kunai1-1-128.prefab using Guid(0257fe01f1bbea74294aa11d62396222) Importer(815301076,1909f56bfc062723c751e8b465ee728b)  -> (artifact id: '083b283a13b97fc1ee90907d2b9149e4') in 0.019888 seconds 
Number of updated asset objects reloaded before import = 0
Number of asset objects unloaded after import = 11
========================================================================
Received Import Request.
  Time since last request: 0.000013 seconds.
  path: Assets/sryurikennset/prefabs/makimono1-3.prefab
  artifactKey: Guid(57521f55528c88d49bec81cf1e5069d5) Importer(815301076,1909f56bfc062723c751e8b465ee728b)
Start importing Assets/sryurikennset/prefabs/makimono1-3.prefab using Guid(57521f55528c88d49bec81cf1e5069d5) Importer(815301076,1909f56bfc062723c751e8b465ee728b)  -> (artifact id: '453b721aea3682cde620f4fddef84b7c') in 0.018861 seconds 
Number of updated asset objects reloaded before import = 0
Number of asset objects unloaded after import = 9
========================================================================
Received Import Request.
  Time since last request: 0.000015 seconds.
  path: Assets/sryurikennset/prefabs/Bamboo-cup1-2.prefab
  artifactKey: Guid(84f8fcdb77a89d0469a05766ab311df2) Importer(815301076,1909f56bfc062723c751e8b465ee728b)
Start importing Assets/sryurikennset/prefabs/Bamboo-cup1-2.prefab using Guid(84f8fcdb77a89d0469a05766ab311df2) Importer(815301076,1909f56bfc062723c751e8b465ee728b)  -> (artifact id: '59e23341bd69523b1ed51ecfc0c37941') in 0.022766 seconds 
Number of updated asset objects reloaded before import = 0
Number of asset objects unloaded after import = 26
========================================================================
Received Import Request.
  Time since last request: 79.827065 seconds.
  path: Assets/Material
  artifactKey: Guid(fecf23d6026f31549b73ee33c97b18ce) Importer(815301076,1909f56bfc062723c751e8b465ee728b)
Start importing Assets/Material using Guid(fecf23d6026f31549b73ee33c97b18ce) Importer(815301076,1909f56bfc062723c751e8b465ee728b)  -> (artifact id: '7bb8cdfc7f12efafbff3bc3d686bd131') in 0.000621 seconds 
Number of updated asset objects reloaded before import = 0
Number of asset objects unloaded after import = 0
========================================================================
Received Import Request.
  Time since last request: 1.737051 seconds.
  path: Assets/Model
  artifactKey: Guid(e7deceda800cfef47a1dfff9edba6906) Importer(815301076,1909f56bfc062723c751e8b465ee728b)
Start importing Assets/Model using Guid(e7deceda800cfef47a1dfff9edba6906) Importer(815301076,1909f56bfc062723c751e8b465ee728b)  -> (artifact id: 'e5cc0e40dfe50db8320b390d641fccaa') in 0.000580 seconds 
Number of updated asset objects reloaded before import = 0
Number of asset objects unloaded after import = 0
========================================================================
Received Import Request.
  Time since last request: 59.908407 seconds.
  path: Assets/Material/Attack
  artifactKey: Guid(1fde39d16c6708946bd0b945b03c7053) Importer(815301076,1909f56bfc062723c751e8b465ee728b)
Start importing Assets/Material/Attack using Guid(1fde39d16c6708946bd0b945b03c7053) Importer(815301076,1909f56bfc062723c751e8b465ee728b)  -> (artifact id: '5f787ee1f2101b003a0c5e9b90405515') in 0.000928 seconds 
Number of updated asset objects reloaded before import = 0
Number of asset objects unloaded after import = 0
========================================================================
Received Import Request.
  Time since last request: 12.791192 seconds.
  path: Assets/Material/Item
  artifactKey: Guid(feaac71a2f7a520448ec3f281add61b8) Importer(815301076,1909f56bfc062723c751e8b465ee728b)
Start importing Assets/Material/Item using Guid(feaac71a2f7a520448ec3f281add61b8) Importer(815301076,1909f56bfc062723c751e8b465ee728b)  -> (artifact id: '1d058a7adb2566daebbf2c58d7f179c5') in 0.000452 seconds 
Number of updated asset objects reloaded before import = 0
Number of asset objects unloaded after import = 0
========================================================================
Received Import Request.
  Time since last request: 24.257492 seconds.
  path: Assets/Texture/Item
  artifactKey: Guid(01bf977042b1a3546979ca2e24faea42) Importer(815301076,1909f56bfc062723c751e8b465ee728b)
Start importing Assets/Texture/Item using Guid(01bf977042b1a3546979ca2e24faea42) Importer(815301076,1909f56bfc062723c751e8b465ee728b)  -> (artifact id: '9c4eafcd08c69ebae6bc659986cc4418') in 0.000740 seconds 
Number of updated asset objects reloaded before import = 0
Number of asset objects unloaded after import = 0
========================================================================
Received Import Request.
  Time since last request: 29.357596 seconds.
  path: Assets/Prefab/Attack/Attack1Prefab.prefab
  artifactKey: Guid(082567aa628e3fc46930c4744fb1da34) Importer(815301076,1909f56bfc062723c751e8b465ee728b)
Start importing Assets/Prefab/Attack/Attack1Prefab.prefab using Guid(082567aa628e3fc46930c4744fb1da34) Importer(815301076,1909f56bfc062723c751e8b465ee728b)  -> (artifact id: 'fdf5ee85a23644094e70ba600dbe2454') in 0.026237 seconds 
Number of updated asset objects reloaded before import = 0
Number of asset objects unloaded after import = 87
========================================================================
Received Import Request.
  Time since last request: 55.532478 seconds.
  path: Assets/Prefab/Item
  artifactKey: Guid(ee9e82c49d13ca4419e56b688f4e1f32) Importer(815301076,1909f56bfc062723c751e8b465ee728b)
Start importing Assets/Prefab/Item using Guid(ee9e82c49d13ca4419e56b688f4e1f32) Importer(815301076,1909f56bfc062723c751e8b465ee728b)  -> (artifact id: '9ef6debdca18c88c7108b4607a36b26a') in 0.000710 seconds 
Number of updated asset objects reloaded before import = 0
Number of asset objects unloaded after import = 0
========================================================================
Received Import Request.
  Time since last request: 7.023259 seconds.
  path: Assets/sryurikennset/Readme.txt
  artifactKey: Guid(912b27f9ae30122449cce264bb53a5c3) Importer(815301076,1909f56bfc062723c751e8b465ee728b)
Start importing Assets/sryurikennset/Readme.txt using Guid(912b27f9ae30122449cce264bb53a5c3) Importer(815301076,1909f56bfc062723c751e8b465ee728b)  -> (artifact id: 'dfc98d18a7bb5a84e78a19aabd567d1d') in 0.001618 seconds 
Number of updated asset objects reloaded before import = 0
Number of asset objects unloaded after import = 1
========================================================================
Received Prepare
Begin MonoManager ReloadAssembly
Symbol file LoadedFromMemory doesn't match image C:\Users\tokiy\OneDrive\デスクトップ\unityRungame\wa\Library\PackageCache\com.unity.visualscripting@1.8.0\Editor\VisualScripting.Core\Dependencies\YamlDotNet\Unity.VisualScripting.YamlDotNet.dll
Symbol file LoadedFromMemory doesn't match image C:\Users\tokiy\OneDrive\デスクトップ\unityRungame\wa\Library\PackageCache\com.unity.visualscripting@1.8.0\Editor\VisualScripting.Core\Dependencies\DotNetZip\Unity.VisualScripting.IonicZip.dll
- Loaded All Assemblies, in  1.126 seconds
Refreshing native plugins compatible for Editor in 3.99 ms, found 3 plugins.
Native extension for WindowsStandalone target not found
Native extension for iOS target not found
Native extension for Android target not found
Mono: successfully reloaded assembly
- Finished resetting the current domain, in  1.200 seconds
Domain Reload Profiling:
	ReloadAssembly (233ms)
		BeginReloadAssembly (148ms)
			ExecutionOrderSort (0ms)
			DisableScriptedObjects (5ms)
			BackupInstance (0ms)
			ReleaseScriptingObjects (0ms)
			CreateAndSetChildDomain (47ms)
		LoadAllAssembliesAndSetupDomain (888ms)
			LoadAssemblies (353ms)
			RebuildTransferFunctionScriptingTraits (0ms)
			SetupTypeCache (587ms)
				TypeCache.Initialize (313ms)
					TypeCache.ScanAssembly (306ms)
				ResolveRequiredComponents (25ms)
		FinalizeReload (0ms)
			ReleaseScriptCaches (0ms)
			RebuildScriptCaches (0ms)
			SetupLoadedEditorAssemblies (468ms)
				LogAssemblyErrors (0ms)
				InitializePlatformSupportModulesInManaged (38ms)
				SetLoadedEditorAssemblies (7ms)
				RefreshPlugins (0ms)
				BeforeProcessingInitializeOnLoad (129ms)
				ProcessInitializeOnLoadAttributes (247ms)
				ProcessInitializeOnLoadMethodAttributes (37ms)
				AfterProcessingInitializeOnLoad (11ms)
				EditorAssembliesLoaded (0ms)
			ExecutionOrderSort2 (0ms)
			AwakeInstancesAfterBackupRestoration (7ms)
Refreshing native plugins compatible for Editor in 4.50 ms, found 3 plugins.
Preloading 0 native plugins for Editor in 0.00 ms.
Unloading 3524 Unused Serialized files (Serialized files now loaded: 0)
Unloading 59 unused Assets / (8.4 MB). Loaded Objects now: 4048.
Memory consumption went from 0.57 GB to 0.56 GB.
Total: 5.596800 ms (FindLiveObjects: 0.260400 ms CreateObjectMapping: 0.208600 ms MarkObjects: 2.114700 ms  DeleteObjects: 3.012300 ms)

Prepare: number of updated asset objects reloaded= 0
AssetImportParameters requested are different than current active one (requested -> active):
  custom:container-demuxer-ogg: 62fdf1f143b41e24485cea50d1cbac27 -> 
  custom:video-codec-MediaFoundation-h265: 746d11721c4dcdbdad8f713fa42b33f4 -> 
  custom:video-decoder-ogg-theora: a1e56fd34408186e4bbccfd4996cb3dc -> 
  custom:framework-win-MediaFoundation: 216162199b28c13a410421893ffa2e32 -> 
  custom:container-demuxer-webm: 4f35f7cbe854078d1ac9338744f61a02 -> 
  custom:container-muxer-webm: aa71ff27fc2769a1b78a27578f13a17b -> 
  custom:video-decoder-webm-vp8: 9c59270c3fd7afecdb556c50c9e8de78 -> 
  custom:AudioImporter_EditorPlatform: d09bf68614088b80899f8185d706f6e7 -> 
  custom:video-encoder-webm-vp8: eb34c28f22e8b96e1ab97ce403110664 -> 
  custom:audio-decoder-ogg-vorbis: bf7c407c2cedff20999df2af8eb42d56 -> 
  custom:audio-encoder-webm-vorbis: bf7c407c2cedff20999df2af8eb42d56 -> 
========================================================================
Received Import Request.
  Time since last request: 75.147388 seconds.
  path: Assets/lilToon
  artifactKey: Guid(05d1d116436047941ad97d1b9064ee05) Importer(815301076,1909f56bfc062723c751e8b465ee728b)
Start importing Assets/lilToon using Guid(05d1d116436047941ad97d1b9064ee05) Importer(815301076,1909f56bfc062723c751e8b465ee728b)  -> (artifact id: '1bd2f169d7d554e1b47dd5ca7e95e3c7') in 0.001486 seconds 
Number of updated asset objects reloaded before import = 0
Number of asset objects unloaded after import = 0
========================================================================
Received Prepare
Begin MonoManager ReloadAssembly
Symbol file LoadedFromMemory doesn't match image C:\Users\tokiy\OneDrive\デスクトップ\unityRungame\wa\Library\PackageCache\com.unity.visualscripting@1.8.0\Editor\VisualScripting.Core\Dependencies\YamlDotNet\Unity.VisualScripting.YamlDotNet.dll
Symbol file LoadedFromMemory doesn't match image C:\Users\tokiy\OneDrive\デスクトップ\unityRungame\wa\Library\PackageCache\com.unity.visualscripting@1.8.0\Editor\VisualScripting.Core\Dependencies\DotNetZip\Unity.VisualScripting.IonicZip.dll
- Loaded All Assemblies, in  1.107 seconds
Refreshing native plugins compatible for Editor in 4.56 ms, found 3 plugins.
Native extension for WindowsStandalone target not found
Native extension for iOS target not found
Native extension for Android target not found
Mono: successfully reloaded assembly
- Finished resetting the current domain, in  1.061 seconds
Domain Reload Profiling:
	ReloadAssembly (262ms)
		BeginReloadAssembly (154ms)
			ExecutionOrderSort (0ms)
			DisableScriptedObjects (6ms)
			BackupInstance (0ms)
			ReleaseScriptingObjects (0ms)
			CreateAndSetChildDomain (45ms)
		LoadAllAssembliesAndSetupDomain (841ms)
			LoadAssemblies (358ms)
			RebuildTransferFunctionScriptingTraits (0ms)
			SetupTypeCache (540ms)
				TypeCache.Initialize (305ms)
					TypeCache.ScanAssembly (297ms)
				ResolveRequiredComponents (5ms)
		FinalizeReload (0ms)
			ReleaseScriptCaches (0ms)
			RebuildScriptCaches (0ms)
			SetupLoadedEditorAssemblies (480ms)
				LogAssemblyErrors (0ms)
				InitializePlatformSupportModulesInManaged (53ms)
				SetLoadedEditorAssemblies (10ms)
				RefreshPlugins (0ms)
				BeforeProcessingInitializeOnLoad (124ms)
				ProcessInitializeOnLoadAttributes (244ms)
				ProcessInitializeOnLoadMethodAttributes (38ms)
				AfterProcessingInitializeOnLoad (11ms)
				EditorAssembliesLoaded (0ms)
			ExecutionOrderSort2 (0ms)
			AwakeInstancesAfterBackupRestoration (6ms)
Refreshing native plugins compatible for Editor in 4.16 ms, found 3 plugins.
Preloading 0 native plugins for Editor in 0.00 ms.
Unloading 3524 Unused Serialized files (Serialized files now loaded: 0)
Unloading 59 unused Assets / (8.5 MB). Loaded Objects now: 4051.
Memory consumption went from 0.57 GB to 0.56 GB.
Total: 6.966100 ms (FindLiveObjects: 0.267500 ms CreateObjectMapping: 0.217400 ms MarkObjects: 2.616600 ms  DeleteObjects: 3.863600 ms)

Prepare: number of updated asset objects reloaded= 0
AssetImportParameters requested are different than current active one (requested -> active):
  custom:container-demuxer-ogg: 62fdf1f143b41e24485cea50d1cbac27 -> 
  custom:video-codec-MediaFoundation-h265: 746d11721c4dcdbdad8f713fa42b33f4 -> 
  custom:video-decoder-ogg-theora: a1e56fd34408186e4bbccfd4996cb3dc -> 
  custom:framework-win-MediaFoundation: 216162199b28c13a410421893ffa2e32 -> 
  custom:container-demuxer-webm: 4f35f7cbe854078d1ac9338744f61a02 -> 
  custom:container-muxer-webm: aa71ff27fc2769a1b78a27578f13a17b -> 
  custom:video-decoder-webm-vp8: 9c59270c3fd7afecdb556c50c9e8de78 -> 
  custom:AudioImporter_EditorPlatform: d09bf68614088b80899f8185d706f6e7 -> 
  custom:video-encoder-webm-vp8: eb34c28f22e8b96e1ab97ce403110664 -> 
  custom:audio-decoder-ogg-vorbis: bf7c407c2cedff20999df2af8eb42d56 -> 
  custom:audio-encoder-webm-vorbis: bf7c407c2cedff20999df2af8eb42d56 -> 
========================================================================
Received Prepare
Begin MonoManager ReloadAssembly
Symbol file LoadedFromMemory doesn't match image C:\Users\tokiy\OneDrive\デスクトップ\unityRungame\wa\Library\PackageCache\com.unity.visualscripting@1.8.0\Editor\VisualScripting.Core\Dependencies\YamlDotNet\Unity.VisualScripting.YamlDotNet.dll
Symbol file LoadedFromMemory doesn't match image C:\Users\tokiy\OneDrive\デスクトップ\unityRungame\wa\Library\PackageCache\com.unity.visualscripting@1.8.0\Editor\VisualScripting.Core\Dependencies\DotNetZip\Unity.VisualScripting.IonicZip.dll
- Loaded All Assemblies, in  1.132 seconds
Refreshing native plugins compatible for Editor in 3.78 ms, found 3 plugins.
Native extension for WindowsStandalone target not found
Native extension for iOS target not found
Native extension for Android target not found
System.Reflection.TargetInvocationException: Exception has been thrown by the target of an invocation. ---> System.IO.IOException: Sharing violation on path C:\Users\tokiy\OneDrive\デスクトップ\unityRungame\wa\Assets\lilToon\Editor\CurrentRP.txt
  at System.IO.FileStream..ctor (System.String path, System.IO.FileMode mode, System.IO.FileAccess access, System.IO.FileShare share, System.Int32 bufferSize, System.Boolean anonymous, System.IO.FileOptions options) [0x0019e] in <697c5b3fd45741b99b7cab46a4b7b6ac>:0 
  at System.IO.FileStream..ctor (System.String path, System.IO.FileMode mode, System.IO.FileAccess access, System.IO.FileShare share, System.Int32 bufferSize, System.IO.FileOptions options) [0x00000] in <697c5b3fd45741b99b7cab46a4b7b6ac>:0 
  at (wrapper remoting-invoke-with-check) System.IO.FileStream..ctor(string,System.IO.FileMode,System.IO.FileAccess,System.IO.FileShare,int,System.IO.FileOptions)
  at System.IO.StreamReader..ctor (System.String path, System.Text.Encoding encoding, System.Boolean detectEncodingFromByteOrderMarks, System.Int32 bufferSize) [0x00055] in <697c5b3fd45741b99b7cab46a4b7b6ac>:0 
  at System.IO.StreamReader..ctor (System.String path, System.Boolean detectEncodingFromByteOrderMarks) [0x00007] in <697c5b3fd45741b99b7cab46a4b7b6ac>:0 
  at System.IO.StreamReader..ctor (System.String path) [0x00000] in <697c5b3fd45741b99b7cab46a4b7b6ac>:0 
  at (wrapper remoting-invoke-with-check) System.IO.StreamReader..ctor(string)
  at lilToon.lilStartup.lilStartupMethod () [0x00063] in C:\Users\tokiy\OneDrive\デスクトップ\unityRungame\wa\Assets\lilToon\Editor\lilStartup.cs:76 
  at (wrapper managed-to-native) System.Reflection.RuntimeMethodInfo.InternalInvoke(System.Reflection.RuntimeMethodInfo,object,object[],System.Exception&)
  at System.Reflection.RuntimeMethodInfo.Invoke (System.Object obj, System.Reflection.BindingFlags invokeAttr, System.Reflection.Binder binder, System.Object[] parameters, System.Globalization.CultureInfo culture) [0x0006a] in <697c5b3fd45741b99b7cab46a4b7b6ac>:0 
   --- End of inner exception stack trace ---
  at System.Reflection.RuntimeMethodInfo.Invoke (System.Object obj, System.Reflection.BindingFlags invokeAttr, System.Reflection.Binder binder, System.Object[] parameters, System.Globalization.CultureInfo culture) [0x00083] in <697c5b3fd45741b99b7cab46a4b7b6ac>:0 
  at System.Reflection.MethodBase.Invoke (System.Object obj, System.Object[] parameters) [0x00000] in <697c5b3fd45741b99b7cab46a4b7b6ac>:0 
  at UnityEditor.EditorAssemblies.ProcessInitializeOnLoadMethodAttributes () [0x000a5] in <dcccd05c4df34a519c0d00d5aed085b6>:0 
UnityEngine.StackTraceUtility:ExtractStackTrace ()
UnityEngine.DebugLogHandler:LogFormat (UnityEngine.LogType,UnityEngine.Object,string,object[])
UnityEngine.Logger:Log (UnityEngine.LogType,object)
UnityEngine.Debug:LogError (object)
UnityEditor.EditorAssemblies:ProcessInitializeOnLoadMethodAttributes ()

Mono: successfully reloaded assembly
- Finished resetting the current domain, in  1.049 seconds
Domain Reload Profiling:
	ReloadAssembly (248ms)
		BeginReloadAssembly (161ms)
			ExecutionOrderSort (0ms)
			DisableScriptedObjects (10ms)
			BackupInstance (0ms)
			ReleaseScriptingObjects (0ms)
			CreateAndSetChildDomain (47ms)
		LoadAllAssembliesAndSetupDomain (879ms)
			LoadAssemblies (374ms)
			RebuildTransferFunctionScriptingTraits (0ms)
			SetupTypeCache (565ms)
				TypeCache.Initialize (319ms)
					TypeCache.ScanAssembly (313ms)
				ResolveRequiredComponents (6ms)
		FinalizeReload (0ms)
			ReleaseScriptCaches (0ms)
			RebuildScriptCaches (0ms)
			SetupLoadedEditorAssemblies (469ms)
				LogAssemblyErrors (0ms)
				InitializePlatformSupportModulesInManaged (44ms)
				SetLoadedEditorAssemblies (6ms)
				RefreshPlugins (0ms)
				BeforeProcessingInitializeOnLoad (121ms)
				ProcessInitializeOnLoadAttributes (251ms)
				ProcessInitializeOnLoadMethodAttributes (39ms)
				AfterProcessingInitializeOnLoad (8ms)
				EditorAssembliesLoaded (0ms)
			ExecutionOrderSort2 (0ms)
			AwakeInstancesAfterBackupRestoration (9ms)
Refreshing native plugins compatible for Editor in 5.32 ms, found 3 plugins.
Preloading 0 native plugins for Editor in 0.00 ms.
Unloading 3525 Unused Serialized files (Serialized files now loaded: 0)
Unloading 59 unused Assets / (8.4 MB). Loaded Objects now: 4054.
Memory consumption went from 0.57 GB to 0.56 GB.
Total: 12.283800 ms (FindLiveObjects: 0.275500 ms CreateObjectMapping: 0.235800 ms MarkObjects: 3.615300 ms  DeleteObjects: 8.156000 ms)

Prepare: number of updated asset objects reloaded= 0
AssetImportParameters requested are different than current active one (requested -> active):
  custom:container-demuxer-ogg: 62fdf1f143b41e24485cea50d1cbac27 -> 
  custom:video-codec-MediaFoundation-h265: 746d11721c4dcdbdad8f713fa42b33f4 -> 
  custom:video-decoder-ogg-theora: a1e56fd34408186e4bbccfd4996cb3dc -> 
  custom:framework-win-MediaFoundation: 216162199b28c13a410421893ffa2e32 -> 
  custom:container-demuxer-webm: 4f35f7cbe854078d1ac9338744f61a02 -> 
  custom:container-muxer-webm: aa71ff27fc2769a1b78a27578f13a17b -> 
  custom:video-decoder-webm-vp8: 9c59270c3fd7afecdb556c50c9e8de78 -> 
  custom:AudioImporter_EditorPlatform: d09bf68614088b80899f8185d706f6e7 -> 
  custom:video-encoder-webm-vp8: eb34c28f22e8b96e1ab97ce403110664 -> 
  custom:audio-decoder-ogg-vorbis: bf7c407c2cedff20999df2af8eb42d56 -> 
  custom:audio-encoder-webm-vorbis: bf7c407c2cedff20999df2af8eb42d56 -> 
========================================================================
Received Prepare
Begin MonoManager ReloadAssembly
Symbol file LoadedFromMemory doesn't match image C:\Users\tokiy\OneDrive\デスクトップ\unityRungame\wa\Library\PackageCache\com.unity.visualscripting@1.8.0\Editor\VisualScripting.Core\Dependencies\YamlDotNet\Unity.VisualScripting.YamlDotNet.dll
Symbol file LoadedFromMemory doesn't match image C:\Users\tokiy\OneDrive\デスクトップ\unityRungame\wa\Library\PackageCache\com.unity.visualscripting@1.8.0\Editor\VisualScripting.Core\Dependencies\DotNetZip\Unity.VisualScripting.IonicZip.dll
- Loaded All Assemblies, in  1.188 seconds
Refreshing native plugins compatible for Editor in 4.05 ms, found 3 plugins.
Native extension for WindowsStandalone target not found
Native extension for iOS target not found
Native extension for Android target not found
Mono: successfully reloaded assembly
- Finished resetting the current domain, in  1.049 seconds
Domain Reload Profiling:
	ReloadAssembly (253ms)
		BeginReloadAssembly (164ms)
			ExecutionOrderSort (0ms)
			DisableScriptedObjects (7ms)
			BackupInstance (0ms)
			ReleaseScriptingObjects (0ms)
			CreateAndSetChildDomain (51ms)
		LoadAllAssembliesAndSetupDomain (930ms)
			LoadAssemblies (382ms)
			RebuildTransferFunctionScriptingTraits (0ms)
			SetupTypeCache (605ms)
				TypeCache.Initialize (354ms)
					TypeCache.ScanAssembly (349ms)
				ResolveRequiredComponents (4ms)
		FinalizeReload (0ms)
			ReleaseScriptCaches (0ms)
			RebuildScriptCaches (0ms)
			SetupLoadedEditorAssemblies (463ms)
				LogAssemblyErrors (0ms)
				InitializePlatformSupportModulesInManaged (49ms)
				SetLoadedEditorAssemblies (5ms)
				RefreshPlugins (0ms)
				BeforeProcessingInitializeOnLoad (118ms)
				ProcessInitializeOnLoadAttributes (243ms)
				ProcessInitializeOnLoadMethodAttributes (37ms)
				AfterProcessingInitializeOnLoad (11ms)
				EditorAssembliesLoaded (0ms)
			ExecutionOrderSort2 (0ms)
			AwakeInstancesAfterBackupRestoration (7ms)
Refreshing native plugins compatible for Editor in 4.27 ms, found 3 plugins.
Preloading 0 native plugins for Editor in 0.00 ms.
Unloading 3525 Unused Serialized files (Serialized files now loaded: 0)
Unloading 59 unused Assets / (8.4 MB). Loaded Objects now: 4057.
Memory consumption went from 0.57 GB to 0.56 GB.
Total: 7.509500 ms (FindLiveObjects: 0.705500 ms CreateObjectMapping: 0.237800 ms MarkObjects: 2.773500 ms  DeleteObjects: 3.791600 ms)

Prepare: number of updated asset objects reloaded= 0
AssetImportParameters requested are different than current active one (requested -> active):
  custom:container-demuxer-ogg: 62fdf1f143b41e24485cea50d1cbac27 -> 
  custom:video-codec-MediaFoundation-h265: 746d11721c4dcdbdad8f713fa42b33f4 -> 
  custom:video-decoder-ogg-theora: a1e56fd34408186e4bbccfd4996cb3dc -> 
  custom:framework-win-MediaFoundation: 216162199b28c13a410421893ffa2e32 -> 
  custom:container-demuxer-webm: 4f35f7cbe854078d1ac9338744f61a02 -> 
  custom:container-muxer-webm: aa71ff27fc2769a1b78a27578f13a17b -> 
  custom:video-decoder-webm-vp8: 9c59270c3fd7afecdb556c50c9e8de78 -> 
  custom:AudioImporter_EditorPlatform: d09bf68614088b80899f8185d706f6e7 -> 
  custom:video-encoder-webm-vp8: eb34c28f22e8b96e1ab97ce403110664 -> 
  custom:audio-decoder-ogg-vorbis: bf7c407c2cedff20999df2af8eb42d56 -> 
  custom:audio-encoder-webm-vorbis: bf7c407c2cedff20999df2af8eb42d56 -> 
